<?xml version="1.0" encoding="UTF-8"?>
<!-- Generated by org.testng.reporters.JUnitXMLReporter -->
<testsuite hostname="MacBook-Pro-admin.local" ignored="0" name="Test" tests="4" failures="0" timestamp="2021-01-10T19:05:26 EET" time="0.051" errors="0">
  <testcase name="deleteTwitter" time="0.006" classname="qaclickacademy.MavenJava.RestApiTest"/>
  <testcase name="postJira" time="0.001" classname="qaclickacademy.MavenJava.RestApiTest"/>
  <testcase name="browserAutomation" time="0.0" classname="qaclickacademy.MavenJava.SeleniumTest"/>
  <testcase name="elementsUI" time="0.0" classname="qaclickacademy.MavenJava.SeleniumTest"/>
</testsuite> <!-- Test -->
