<?xml version="1.0" encoding="UTF-8"?>
<testng-results skipped="0" failed="0" ignored="0" total="4" passed="4">
  <reporter-output>
  </reporter-output>
  <suite name="Suite" duration-ms="51" started-at="2021-01-10T19:05:21 EET" finished-at="2021-01-10T19:05:21 EET">
    <groups>
    </groups>
    <test name="Test" duration-ms="51" started-at="2021-01-10T19:05:21 EET" finished-at="2021-01-10T19:05:21 EET">
      <class name="qaclickacademy.MavenJava.RestApiTest">
        <test-method status="PASS" signature="deleteTwitter()[pri:0, instance:qaclickacademy.MavenJava.RestApiTest@3b0143d3]" name="deleteTwitter" duration-ms="6" started-at="2021-01-10T19:05:21 EET" finished-at="2021-01-10T19:05:21 EET">
          <reporter-output>
          </reporter-output>
        </test-method> <!-- deleteTwitter -->
        <test-method status="PASS" signature="postJira()[pri:0, instance:qaclickacademy.MavenJava.RestApiTest@3b0143d3]" name="postJira" duration-ms="1" started-at="2021-01-10T19:05:21 EET" finished-at="2021-01-10T19:05:21 EET">
          <reporter-output>
          </reporter-output>
        </test-method> <!-- postJira -->
      </class> <!-- qaclickacademy.MavenJava.RestApiTest -->
      <class name="qaclickacademy.MavenJava.SeleniumTest">
        <test-method status="PASS" signature="browserAutomation()[pri:0, instance:qaclickacademy.MavenJava.SeleniumTest@5a8e6209]" name="browserAutomation" duration-ms="0" started-at="2021-01-10T19:05:21 EET" finished-at="2021-01-10T19:05:21 EET">
          <reporter-output>
          </reporter-output>
        </test-method> <!-- browserAutomation -->
        <test-method status="PASS" signature="elementsUI()[pri:0, instance:qaclickacademy.MavenJava.SeleniumTest@5a8e6209]" name="elementsUI" duration-ms="0" started-at="2021-01-10T19:05:21 EET" finished-at="2021-01-10T19:05:21 EET">
          <reporter-output>
          </reporter-output>
        </test-method> <!-- elementsUI -->
      </class> <!-- qaclickacademy.MavenJava.SeleniumTest -->
    </test> <!-- Test -->
  </suite> <!-- Suite -->
</testng-results>
